# JRE version: Java(TM) SE Runtime Environment (22.0.2+9) (build 22.0.2+9-70)
# Java VM: Java HotSpot(TM) 64-Bit Server VM (22.0.2+9-70, mixed mode, emulated-client, sharing, tiered, compressed oops, compressed class ptrs, g1 gc, windows-amd64)
GC Precious Log:
 CardTable entry size: 512
 Card Set container configuration: InlinePtr #cards 4 size 8 Array Of Cards #cards 16 size 48 Howl #buckets 8 coarsen threshold 3686 Howl Bitmap #cards 512 size 80 coarsen threshold 460 Card regions per heap region 1 cards per card region 4096
 CPUs: 16 total, 16 available
 Memory: 15557M
 Large Page Support: Disabled
 NUMA Support: Disabled
 Compressed Oops: Enabled (Zero based)
 Heap Region Size: 2M
 Heap Min Capacity: 8M
 Heap Initial Capacity: 244M
 Heap Max Capacity: 3890M
 Pre-touch: Disabled
 Parallel Workers: 13
 Concurrent Workers: 3
 Concurrent Refinement Workers: 13
 Periodic GC: Disabled
Heap:
 garbage-first heap   total reserved 3983360K, committed 724992K, used 427589K [0x000000070ce00000, 0x0000000800000000)
  region size 2048K, 9 young (18432K), 9 survivors (18432K)
 Metaspace       used 23441K, committed 23808K, reserved 1114112K
  class space    used 3184K, committed 3328K, reserved 1048576K
GC Heap History (20 events):
Event: 3.829 GC heap after
{Heap after GC invocations=18 (full 0):
 garbage-first heap   total reserved 3983360K, committed 284672K, used 195271K [0x000000070ce00000, 0x0000000800000000)
  region size 2048K, 4 young (8192K), 4 survivors (8192K)
 Metaspace       used 23319K, committed 23616K, reserved 1114112K
  class space    used 3182K, committed 3328K, reserved 1048576K
}
Event: 3.923 GC heap before
{Heap before GC invocations=18 (full 0):
 garbage-first heap   total reserved 3983360K, committed 284672K, used 234183K [0x000000070ce00000, 0x0000000800000000)
  region size 2048K, 23 young (47104K), 4 survivors (8192K)
 Metaspace       used 23319K, committed 23616K, reserved 1114112K
  class space    used 3182K, committed 3328K, reserved 1048576K
}
Event: 3.938 GC heap after
{Heap after GC invocations=19 (full 0):
 garbage-first heap   total reserved 3983360K, committed 284672K, used 215040K [0x000000070ce00000, 0x0000000800000000)
  region size 2048K, 3 young (6144K), 3 survivors (6144K)
 Metaspace       used 23319K, committed 23616K, reserved 1114112K
  class space    used 3182K, committed 3328K, reserved 1048576K
}
Event: 4.003 GC heap before
{Heap before GC invocations=19 (full 0):
 garbage-first heap   total reserved 3983360K, committed 284672K, used 245760K [0x000000070ce00000, 0x0000000800000000)
  region size 2048K, 18 young (36864K), 3 survivors (6144K)
 Metaspace       used 23319K, committed 23616K, reserved 1114112K
  class space    used 3182K, committed 3328K, reserved 1048576K
}
Event: 4.016 GC heap after
{Heap after GC invocations=20 (full 0):
 garbage-first heap   total reserved 3983360K, committed 724992K, used 234085K [0x000000070ce00000, 0x0000000800000000)
  region size 2048K, 3 young (6144K), 3 survivors (6144K)
 Metaspace       used 23319K, committed 23616K, reserved 1114112K
  class space    used 3182K, committed 3328K, reserved 1048576K
}
Event: 5.444 GC heap before
{Heap before GC invocations=21 (full 0):
 garbage-first heap   total reserved 3983360K, committed 724992K, used 438885K [0x000000070ce00000, 0x0000000800000000)
  region size 2048K, 103 young (210944K), 3 survivors (6144K)
 Metaspace       used 23319K, committed 23616K, reserved 1114112K
  class space    used 3183K, committed 3328K, reserved 1048576K
}
Event: 5.467 GC heap after
{Heap after GC invocations=22 (full 0):
 garbage-first heap   total reserved 3983360K, committed 724992K, used 309821K [0x000000070ce00000, 0x0000000800000000)
  region size 2048K, 13 young (26624K), 13 survivors (26624K)
 Metaspace       used 23319K, committed 23616K, reserved 1114112K
  class space    used 3183K, committed 3328K, reserved 1048576K
}
Event: 7.034 GC heap before
{Heap before GC invocations=22 (full 0):
 garbage-first heap   total reserved 3983360K, committed 724992K, used 483901K [0x000000070ce00000, 0x0000000800000000)
  region size 2048K, 98 young (200704K), 13 survivors (26624K)
 Metaspace       used 23441K, committed 23808K, reserved 1114112K
  class space    used 3184K, committed 3328K, reserved 1048576K
}
Event: 7.058 GC heap after
{Heap after GC invocations=23 (full 0):
 garbage-first heap   total reserved 3983360K, committed 724992K, used 373760K [0x000000070ce00000, 0x0000000800000000)
  region size 2048K, 13 young (26624K), 13 survivors (26624K)
 Metaspace       used 23441K, committed 23808K, reserved 1114112K
  class space    used 3184K, committed 3328K, reserved 1048576K
}
Event: 7.154 GC heap before
{Heap before GC invocations=23 (full 0):
 garbage-first heap   total reserved 3983360K, committed 724992K, used 529408K [0x000000070ce00000, 0x0000000800000000)
  region size 2048K, 89 young (182272K), 13 survivors (26624K)
 Metaspace       used 23441K, committed 23808K, reserved 1114112K
  class space    used 3184K, committed 3328K, reserved 1048576K
}
Event: 7.161 GC heap after
{Heap after GC invocations=24 (full 0):
 garbage-first heap   total reserved 3983360K, committed 724992K, used 390002K [0x000000070ce00000, 0x0000000800000000)
  region size 2048K, 6 young (12288K), 6 survivors (12288K)
 Metaspace       used 23441K, committed 23808K, reserved 1114112K
  class space    used 3184K, committed 3328K, reserved 1048576K
}
Event: 7.217 GC heap before
{Heap before GC invocations=24 (full 0):
 garbage-first heap   total reserved 3983360K, committed 724992K, used 566130K [0x000000070ce00000, 0x0000000800000000)
  region size 2048K, 92 young (188416K), 6 survivors (12288K)
 Metaspace       used 23441K, committed 23808K, reserved 1114112K
  class space    used 3184K, committed 3328K, reserved 1048576K
}
Event: 7.223 GC heap after
{Heap after GC invocations=25 (full 0):
 garbage-first heap   total reserved 3983360K, committed 724992K, used 396734K [0x000000070ce00000, 0x0000000800000000)
  region size 2048K, 9 young (18432K), 9 survivors (18432K)
 Metaspace       used 23441K, committed 23808K, reserved 1114112K
  class space    used 3184K, committed 3328K, reserved 1048576K
}
Event: 7.299 GC heap before
{Heap before GC invocations=25 (full 0):
 garbage-first heap   total reserved 3983360K, committed 724992K, used 593342K [0x000000070ce00000, 0x0000000800000000)
  region size 2048K, 105 young (215040K), 9 survivors (18432K)
 Metaspace       used 23441K, committed 23808K, reserved 1114112K
  class space    used 3184K, committed 3328K, reserved 1048576K
}
Event: 7.308 GC heap after
{Heap after GC invocations=26 (full 0):
 garbage-first heap   total reserved 3983360K, committed 724992K, used 406412K [0x000000070ce00000, 0x0000000800000000)
  region size 2048K, 9 young (18432K), 9 survivors (18432K)
 Metaspace       used 23441K, committed 23808K, reserved 1114112K
  class space    used 3184K, committed 3328K, reserved 1048576K
}
Event: 7.383 GC heap before
{Heap before GC invocations=27 (full 0):
 garbage-first heap   total reserved 3983360K, committed 724992K, used 609164K [0x000000070ce00000, 0x0000000800000000)
  region size 2048K, 108 young (221184K), 9 survivors (18432K)
 Metaspace       used 23441K, committed 23808K, reserved 1114112K
  class space    used 3184K, committed 3328K, reserved 1048576K
}
Event: 7.392 GC heap after
{Heap after GC invocations=28 (full 0):
 garbage-first heap   total reserved 3983360K, committed 724992K, used 416128K [0x000000070ce00000, 0x0000000800000000)
  region size 2048K, 10 young (20480K), 10 survivors (20480K)
 Metaspace       used 23441K, committed 23808K, reserved 1114112K
  class space    used 3184K, committed 3328K, reserved 1048576K
}
Event: 7.447 GC heap before
{Heap before GC invocations=28 (full 0):
 garbage-first heap   total reserved 3983360K, committed 724992K, used 622976K [0x000000070ce00000, 0x0000000800000000)
  region size 2048K, 111 young (227328K), 10 survivors (20480K)
 Metaspace       used 23441K, committed 23808K, reserved 1114112K
  class space    used 3184K, committed 3328K, reserved 1048576K
}
Event: 7.457 GC heap after
{Heap after GC invocations=29 (full 0):
 garbage-first heap   total reserved 3983360K, committed 724992K, used 418695K [0x000000070ce00000, 0x0000000800000000)
  region size 2048K, 9 young (18432K), 9 survivors (18432K)
 Metaspace       used 23441K, committed 23808K, reserved 1114112K
  class space    used 3184K, committed 3328K, reserved 1048576K
}
Event: 7.516 GC heap before
{Heap before GC invocations=29 (full 0):
 garbage-first heap   total reserved 3983360K, committed 724992K, used 641927K [0x000000070ce00000, 0x0000000800000000)
  region size 2048K, 118 young (241664K), 9 survivors (18432K)
 Metaspace       used 23441K, committed 23808K, reserved 1114112K
  class space    used 3184K, committed 3328K, reserved 1048576K
}

